2021-12-01 11:59:43 start gui 5006 2135
2021-12-01 12:15:43 stop gui 5006 2135
2021-12-01 12:16:31 start gui 5006 2212
2021-12-01 12:16:52 start gui 80 2231
2021-12-01 12:17:19 stop gui 5006 2212
2021-12-01 12:17:42 stop gui 80 2231
2021-12-01 12:18:10 start gui 5006 2288
2021-12-01 12:18:10 start api 5006 2288
2021-12-02 10:03:11 start gui 8080 26457
2021-12-02 10:31:15 start gui 1000 28007
2021-12-02 10:31:33 start gui 8000 28077
2021-12-02 10:38:20 stop gui 8080 26457
2021-12-02 10:40:27 start gui 8080 29000
2021-12-02 10:43:46 start gui 5000 29212
2021-12-02 10:43:58 stop gui 5000 29212
2021-12-02 11:45:16 start gui 8000 30461
2021-12-02 12:30:07 stop gui 8000 30461
2021-12-02 12:30:25 start gui 8000 31787
2021-12-02 12:31:12 stop gui 8000 31787
2021-12-02 13:28:50 start gui 8080 1471
2021-12-02 13:34:09 stop gui 8080 1471
2021-12-02 13:34:30 start gui 8080 1873
2021-12-02 13:35:18 start gui 8080 1963
2021-12-02 13:45:31 start gui 8080 2396
2021-12-02 13:46:07 start gui 8080 2484
2021-12-02 13:48:28 start gui 8080 2713
2021-12-02 14:02:45 start gui 8000 4079
2021-12-02 14:58:57 stop gui 8080 2713
2021-12-02 16:45:25 stop gui 8000 4079
2021-12-02 16:45:25 start gui 8000 10785
2021-12-02 16:45:42 stop gui 8000 10785
2021-12-02 16:46:54 start gui 8000 11026
2021-12-03 09:45:51 stop gui 8000 11026
2021-12-03 09:45:51 start gui 8000 28623
2021-12-03 09:46:33 stop gui 8000 28623
2021-12-03 09:46:33 start gui 8000 28703
2021-12-03 09:50:58 stop gui 8000 28703
2021-12-03 09:50:58 start gui 8000 28887
2021-12-03 11:00:12 stop gui 8000 28887
2021-12-03 11:00:12 start gui 8000 30263
2021-12-03 11:04:11 stop gui 8000 30263
2021-12-03 11:04:11 start gui 8000 30460
2021-12-03 11:07:16 stop gui 8000 30460
2021-12-03 11:07:16 start gui 8000 30596
2021-12-03 15:12:13 stop gui 8000 30596
2021-12-03 15:12:13 start gui 8000 2432
2021-12-03 15:13:11 stop gui 8000 2432
2021-12-03 15:13:11 start gui 8000 2516
2021-12-03 15:16:06 stop gui 8000 2516
2021-12-03 15:16:06 start gui 8000 2626
2021-12-03 15:17:07 stop gui 8000 2626
2021-12-06 09:25:29 start gui 5006 647
2021-12-06 09:29:30 start gui 5006 814
2021-12-06 13:59:24 start gui 8000 5420
2021-12-06 14:01:44 stop gui 8000 5420
2021-12-06 14:01:44 start gui 8000 5612
2021-12-06 14:03:32 stop gui 8000 5612
2021-12-06 14:03:32 start gui 8000 5708
2021-12-06 14:05:24 stop gui 8000 5708
2021-12-06 14:05:24 start gui 8000 5824
2021-12-06 14:09:51 stop gui 8000 5824
2021-12-06 14:09:51 start gui 8000 5976
2021-12-06 14:11:26 stop gui 8000 5976
2021-12-06 14:11:26 start gui 8000 6099
2021-12-06 14:12:43 stop gui 8000 6099
2021-12-06 14:12:52 start gui 8000 6333
2021-12-06 14:13:16 start gui 8000 6459
2021-12-06 14:14:38 stop gui 8000 6459
2021-12-06 14:14:38 start gui 8000 6552
2021-12-06 14:15:17 stop gui 8000 6552
2021-12-06 14:15:17 start gui 8000 6624
2021-12-06 14:16:13 stop gui 8000 6624
2021-12-06 14:16:13 start gui 8000 6712
2021-12-06 14:16:27 stop gui 8000 6712
2021-12-06 14:16:27 start gui 8000 6785
2021-12-06 14:17:15 stop gui 8000 6785
2021-12-06 14:17:15 start gui 8000 6860
2021-12-06 14:18:25 stop gui 8000 6860
2021-12-06 14:18:25 start gui 8000 6948
2021-12-06 14:19:19 stop gui 8000 6948
2021-12-06 14:19:19 start gui 8000 7029
2021-12-06 14:22:58 stop gui 8000 7029
2021-12-08 09:31:57 start gui 8000 24721
2021-12-08 09:38:39 stop gui 8000 24721
2021-12-08 09:38:39 start gui 8000 24981
2021-12-08 11:02:01 start api 8080 27938
2021-12-08 11:12:17 stop gui 8000 24981
2021-12-08 11:12:17 start gui 8000 28143
2021-12-08 11:12:46 stop gui 8000 28143
2021-12-08 11:12:46 start gui 8000 28218
2021-12-08 11:23:36 stop gui 8000 28218
2021-12-08 11:23:36 start gui 8000 28507
2021-12-08 11:24:04 stop gui 8000 28507
2021-12-08 11:24:04 start gui 8000 28581
2021-12-08 11:24:51 stop gui 8000 28581
2021-12-08 11:24:51 start gui 8000 28656
2021-12-08 11:25:10 stop gui 8000 28656
2021-12-08 11:25:10 start gui 8000 28720
2021-12-08 11:25:20 stop gui 8000 28720
2021-12-08 11:25:20 start gui 8000 28775
2021-12-08 11:25:32 stop gui 8000 28775
2021-12-08 11:25:32 start gui 8000 28846
2021-12-08 11:26:30 stop gui 8000 28846
2021-12-08 11:26:30 start gui 8000 28930
2021-12-08 11:26:59 stop gui 8000 28930
2021-12-08 11:26:59 start gui 8000 28987
2021-12-08 11:27:34 stop gui 8000 28987
2021-12-08 11:27:34 start gui 8000 29059
2021-12-08 11:27:51 stop gui 8000 29059
2021-12-08 11:27:51 start gui 8000 29117
2021-12-08 11:28:11 stop gui 8000 29117
2021-12-08 11:28:11 start gui 8000 29182
2021-12-08 11:30:18 stop gui 8000 29182
2021-12-08 11:30:18 start gui 8000 29292
2021-12-08 11:33:23 stop gui 8000 29292
2021-12-08 11:33:23 start gui 8000 29405
2021-12-08 11:36:50 stop gui 8000 29405
2021-12-08 11:36:50 start gui 8000 29614
2021-12-08 11:37:25 stop gui 8000 29614
2021-12-08 16:42:54 start api 8080 10172
2021-12-08 16:44:02 start api 8080 
2021-12-08 16:44:53 start api 8080 10362
2021-12-08 16:45:46 start api 8080 10527
2021-12-08 16:46:48 stop api 8080 10527
2021-12-08 16:46:48 start api 8080 10613
2021-12-08 16:46:58 stop api 8080 10613
2021-12-08 16:47:22 start api 8080 
2021-12-08 16:48:08 start api 8080 10886
2021-12-08 16:51:03 stop api 8080 10886
2021-12-08 16:52:07 start api 8080 
2021-12-08 16:52:58 start api 8080 
2021-12-08 16:57:22 start api 8080 
2021-12-08 16:58:36 start api 8080 
2021-12-08 17:05:25 start api 8080 12373
